<?xml version="1.0" encoding="UTF-8"?>
<!-- Generated by org.testng.reporters.JUnitXMLReporter -->
<testsuite ignored="0" hostname="Karim" failures="0" tests="3" name="Default test" time="5.569" errors="0" timestamp="2024-09-12T10:20:11 IST">
  <testcase classname="com.qa.testcases.TC_ValidateMainElements_005" name="Test1" time="0.943"/>
  <testcase classname="com.qa.testcases.TC_ValidateMainElements_005" name="Test2" time="1.823"/>
  <testcase classname="com.qa.testcases.TC_ValidateMainElements_005" name="Test3" time="0.026"/>
</testsuite> <!-- Default test -->
