<?xml version="1.0" encoding="UTF-8"?>
<testng-results ignored="0" total="3" passed="3" failed="0" skipped="0">
  <reporter-output>
  </reporter-output>
  <suite started-at="2024-09-12T10:20:05 IST" name="Default suite" finished-at="2024-09-12T10:20:11 IST" duration-ms="5569">
    <groups>
    </groups>
    <test started-at="2024-09-12T10:20:05 IST" name="Default test" finished-at="2024-09-12T10:20:11 IST" duration-ms="5569">
      <class name="com.qa.testcases.TC_ValidateMainElements_005">
        <test-method is-config="true" signature="setUp()[pri:0, instance:com.qa.testcases.TC_ValidateMainElements_005@7d20d0b]" started-at="2024-09-12T10:20:05 IST" name="setUp" finished-at="2024-09-12T10:20:08 IST" duration-ms="2692" status="PASS">
          <reporter-output>
          </reporter-output>
        </test-method> <!-- setUp -->
        <test-method signature="Test1()[pri:1, instance:com.qa.testcases.TC_ValidateMainElements_005@7d20d0b]" started-at="2024-09-12T10:20:08 IST" name="Test1" finished-at="2024-09-12T10:20:09 IST" duration-ms="943" status="PASS">
          <reporter-output>
          </reporter-output>
        </test-method> <!-- Test1 -->
        <test-method signature="Test2()[pri:2, instance:com.qa.testcases.TC_ValidateMainElements_005@7d20d0b]" started-at="2024-09-12T10:20:09 IST" name="Test2" finished-at="2024-09-12T10:20:11 IST" duration-ms="1823" status="PASS">
          <reporter-output>
          </reporter-output>
        </test-method> <!-- Test2 -->
        <test-method signature="Test3()[pri:3, instance:com.qa.testcases.TC_ValidateMainElements_005@7d20d0b]" started-at="2024-09-12T10:20:11 IST" name="Test3" finished-at="2024-09-12T10:20:11 IST" duration-ms="26" status="PASS">
          <reporter-output>
          </reporter-output>
        </test-method> <!-- Test3 -->
        <test-method is-config="true" signature="tearDown()[pri:0, instance:com.qa.testcases.TC_ValidateMainElements_005@7d20d0b]" started-at="2024-09-12T10:20:11 IST" name="tearDown" finished-at="2024-09-12T10:20:11 IST" duration-ms="1" status="PASS">
          <reporter-output>
          </reporter-output>
        </test-method> <!-- tearDown -->
      </class> <!-- com.qa.testcases.TC_ValidateMainElements_005 -->
    </test> <!-- Default test -->
  </suite> <!-- Default suite -->
</testng-results>
